[24Dec2024 00:00:14.892] [Server thread/INFO] [com.teampotato.redirector.Redirector/]: Redirecting net/minecraft/world/entity/vehicle/Boat$Status
[24Dec2024 00:02:05.715] [Worker-Main-3/INFO] [com.teampotato.redirector.Redirector/]: Redirecting com/github/alexthe666/iceandfire/enums/EnumHippogryphTypes
[24Dec2024 00:02:54.496] [Server thread/INFO] [com.teampotato.redirector.Redirector/]: Redirecting net/minecraft/world/level/gameevent/GameEventListener$DeliveryMode
[24Dec2024 00:03:36.225] [Server thread/WARN] [net.minecraft.server.network.ServerGamePacketListenerImpl/]: elguatavo7u7159 moved wrongly!
[24Dec2024 00:06:46.879] [Server thread/INFO] [com.teampotato.redirector.Redirector/]: Redirecting com/ferreusveritas/dynamictrees/entity/FallingTreeEntity$DestroyType
[24Dec2024 00:06:46.893] [Server thread/INFO] [com.teampotato.redirector.Redirector/]: Redirecting com/ferreusveritas/dynamictrees/util/BranchDestructionData$PosType
[24Dec2024 00:07:28.340] [Server thread/INFO] [com.teampotato.redirector.Redirector/]: Redirecting net/minecraft/world/entity/ai/goal/RangedCrossbowAttackGoal$CrossbowState
[24Dec2024 00:08:45.366] [Worker-Main-3/ERROR] [net.minecraft.world.entity.decoration.HangingEntity/]: Hanging entity at invalid position: BlockPos{x=-191, y=28, z=-589}
[24Dec2024 00:08:45.429] [Worker-Main-2/ERROR] [net.minecraft.world.entity.decoration.HangingEntity/]: Hanging entity at invalid position: BlockPos{x=-191, y=28, z=-587}
[24Dec2024 00:08:48.978] [Worker-Main-2/ERROR] [net.minecraft.world.entity.decoration.HangingEntity/]: Hanging entity at invalid position: BlockPos{x=-276, y=27, z=-610}
[24Dec2024 00:08:49.461] [Worker-Main-2/INFO] [com.teampotato.redirector.Redirector/]: Redirecting net/minecraft/world/entity/animal/horse/Markings
[24Dec2024 00:10:19.891] [Server thread/INFO] [com.teampotato.redirector.Redirector/]: Redirecting net/minecraft/world/level/Level$ExplosionInteraction
[24Dec2024 00:10:19.893] [Server thread/INFO] [com.teampotato.redirector.Redirector/]: Redirecting net/minecraft/world/level/Explosion$BlockInteraction
[24Dec2024 00:13:53.470] [Server thread/INFO] [com.teampotato.redirector.Redirector/]: Redirecting net/minecraft/network/chat/FilterMask$Type
[24Dec2024 00:13:53.476] [Server thread/INFO] [net.minecraft.server.MinecraftServer/]: [Not Secure] <elguatavo7u7159> [x:29999754, y:161, z:-883, dim:minecraft:overworld]
[24Dec2024 00:15:24.101] [Server thread/WARN] [net.minecraft.server.level.ServerPlayerGameMode/]: Mismatch in destroy block pos: BlockPos{x=29999758, y=148, z=-874} BlockPos{x=29999746, y=147, z=-873}
[24Dec2024 00:16:18.811] [Server thread/INFO] [com.teampotato.redirector.Redirector/]: Redirecting net/minecraftforge/fluids/capability/IFluidHandler$FluidAction
[24Dec2024 00:17:44.444] [Server thread/INFO] [net.minecraft.server.MinecraftServer/]: _TaeV_ has made the advancement [Another Brick in the Wall]
[24Dec2024 00:17:55.196] [Server thread/INFO] [net.minecraft.server.network.ServerLoginPacketListenerImpl/]: com.mojang.authlib.GameProfile@409bf2d0[id=<null>,name=Crisogamaer,properties={},legacy=false] (/127.104.33.64:36899) lost connection: Disconnected
[24Dec2024 00:18:39.380] [Server thread/INFO] [net.minecraft.server.network.ServerLoginPacketListenerImpl/]: com.mojang.authlib.GameProfile@38d9e491[id=<null>,name=Crisogamaer,properties={},legacy=false] (/127.104.33.64:40577) lost connection: Disconnected
[24Dec2024 00:19:18.746] [Server thread/INFO] [net.minecraft.server.network.ServerLoginPacketListenerImpl/]: com.mojang.authlib.GameProfile@4c2abd9d[id=<null>,name=Crisogamaer,properties={},legacy=false] (/127.104.33.64:40139) lost connection: Disconnected
[24Dec2024 00:20:09.045] [Server thread/INFO] [net.minecraft.server.players.PlayerList/]: Crisogamaer[/127.104.33.64:53871] logged in with entity id 33841 at (-998520.7032088509, 16.0, 88887.83561487954)
[24Dec2024 00:20:09.091] [Server thread/INFO] [net.minecraft.server.MinecraftServer/]: Crisogamaer joined the game
[24Dec2024 00:21:55.602] [Server thread/WARN] [net.minecraft.server.MinecraftServer/]: Can't keep up! Is the server overloaded? Running 2525ms or 50 ticks behind
[24Dec2024 00:22:44.819] [Server thread/INFO] [net.minecraft.server.network.ServerLoginPacketListenerImpl/]: com.mojang.authlib.GameProfile@5c7d858b[id=<null>,name=Crisogamaer,properties={},legacy=false] (/127.104.33.64:58701) lost connection: Disconnected
[24Dec2024 00:23:05.395] [Server thread/INFO] [net.minecraft.server.network.ServerGamePacketListenerImpl/]: Crisogamaer lost connection: Disconnected
[24Dec2024 00:23:05.395] [Server thread/INFO] [net.minecraft.server.MinecraftServer/]: Crisogamaer left the game
[24Dec2024 00:23:05.497] [Server thread/INFO] [net.minecraft.server.players.PlayerList/]: Crisogamaer[/127.104.33.64:56467] logged in with entity id 36740 at (-998520.7032088509, 16.0, 88887.83561487954)
[24Dec2024 00:23:05.508] [Server thread/INFO] [net.minecraft.server.MinecraftServer/]: Crisogamaer joined the game
[24Dec2024 00:23:42.325] [Server thread/INFO] [net.minecraft.server.players.PlayerList/]: N1HUY[/127.236.110.2:51625] logged in with entity id 37763 at (-1341.037941367304, 102.0, -5268.009789659677)
[24Dec2024 00:23:42.333] [Server thread/INFO] [net.minecraft.server.MinecraftServer/]: N1HUY joined the game
[24Dec2024 00:23:55.310] [Server thread/INFO] [net.minecraft.server.MinecraftServer/]: _TaeV_ has reached the goal [You Need a Mint]
[24Dec2024 00:25:04.518] [Server thread/INFO] [net.minecraft.server.MinecraftServer/]: _TaeV_ was slain by Dread Knight
[24Dec2024 00:25:04.523] [Server thread/INFO] [com.teampotato.redirector.Redirector/]: Redirecting com/lothrazar/simpletomb/data/MessageType
[24Dec2024 00:25:04.525] [Server thread/INFO] [com.lothrazar.simpletomb.ModTomb/]: simpletomb.message.new_grave(29999753, 143, -871) minecraft:overworld
[24Dec2024 00:25:14.996] [Server thread/INFO] [net.minecraft.server.MinecraftServer/]: _TaeV_ was slain by Dread Knight
[24Dec2024 00:25:59.910] [Server thread/WARN] [net.minecraft.server.level.ServerPlayerGameMode/]: Mismatch in destroy block pos: BlockPos{x=29999749, y=146, z=-869} BlockPos{x=29999748, y=147, z=-869}
[24Dec2024 00:26:22.467] [Server thread/INFO] [net.minecraft.server.MinecraftServer/]: _TaeV_ was slain by Dread Knight
[24Dec2024 00:26:26.965] [Server thread/WARN] [net.minecraft.server.level.ServerPlayerGameMode/]: Mismatch in destroy block pos: BlockPos{x=29999747, y=146, z=-876} BlockPos{x=29999747, y=146, z=-877}
[24Dec2024 00:26:27.013] [Server thread/WARN] [net.minecraft.server.level.ServerPlayerGameMode/]: Mismatch in destroy block pos: BlockPos{x=29999747, y=146, z=-876} BlockPos{x=29999747, y=146, z=-878}
[24Dec2024 00:26:49.550] [Server thread/WARN] [net.minecraft.server.level.ServerPlayerGameMode/]: Mismatch in destroy block pos: BlockPos{x=29999758, y=148, z=-874} BlockPos{x=29999747, y=146, z=-884}
[24Dec2024 00:26:58.302] [Server thread/WARN] [net.minecraft.server.level.ServerPlayerGameMode/]: Mismatch in destroy block pos: BlockPos{x=29999765, y=147, z=-903} BlockPos{x=29999766, y=147, z=-903}
[24Dec2024 00:27:20.177] [Server thread/WARN] [net.minecraft.server.level.ServerPlayerGameMode/]: Mismatch in destroy block pos: BlockPos{x=29999769, y=146, z=-903} BlockPos{x=29999745, y=148, z=-871}
[24Dec2024 00:27:27.367] [Server thread/WARN] [net.minecraft.server.level.ServerPlayerGameMode/]: Mismatch in destroy block pos: BlockPos{x=29999747, y=146, z=-870} BlockPos{x=29999745, y=147, z=-871}
[24Dec2024 00:27:33.370] [Server thread/WARN] [net.minecraft.server.level.ServerPlayerGameMode/]: Mismatch in destroy block pos: BlockPos{x=29999747, y=146, z=-870} BlockPos{x=29999773, y=146, z=-877}
[24Dec2024 00:28:00.257] [Server thread/INFO] [net.minecraft.server.MinecraftServer/]: _TaeV_ was slain by Dread Knight
[24Dec2024 00:28:44.744] [Server thread/INFO] [net.minecraft.server.MinecraftServer/]: elguatavo7u7159 was slain by Dread Knight
[24Dec2024 00:28:44.750] [Server thread/INFO] [com.lothrazar.simpletomb.ModTomb/]: simpletomb.message.new_grave(29999752, 143, -872) minecraft:overworld
[24Dec2024 00:28:52.601] [Server thread/INFO] [com.teampotato.redirector.Redirector/]: Redirecting net/minecraft/world/entity/animal/frog/ShootTongue$State
[24Dec2024 00:29:04.585] [Server thread/INFO] [net.minecraft.server.MinecraftServer/]: elguatavo7u7159 was slain by Dread Knight
[24Dec2024 00:29:16.825] [Server thread/INFO] [com.lothrazar.simpletomb.ModTomb/]: 0 result 0 air
[24Dec2024 00:29:16.825] [Server thread/INFO] [com.lothrazar.simpletomb.ModTomb/]: 0 result 0 air
[24Dec2024 00:29:16.826] [Server thread/INFO] [com.lothrazar.simpletomb.ModTomb/]: 0 result 1 diamond_backpack
[24Dec2024 00:29:16.826] [Server thread/INFO] [com.lothrazar.simpletomb.ModTomb/]: 0 result 1 diamond_backpack
[24Dec2024 00:29:16.826] [Server thread/INFO] [com.lothrazar.simpletomb.ModTomb/]: 0 result 1 diamond_backpack
[24Dec2024 00:29:30.864] [Server thread/INFO] [com.lothrazar.simpletomb.ModTomb/]: 0 result 0 air
[24Dec2024 00:29:30.865] [Server thread/INFO] [com.lothrazar.simpletomb.ModTomb/]: 0 result 1 backpack
[24Dec2024 00:29:30.865] [Server thread/INFO] [com.lothrazar.simpletomb.ModTomb/]: 0 result 1 iron_backpack
[24Dec2024 00:29:30.866] [Server thread/INFO] [com.lothrazar.simpletomb.ModTomb/]: 0 result 1 iron_backpack
[24Dec2024 00:29:30.866] [Server thread/INFO] [com.lothrazar.simpletomb.ModTomb/]: 0 result 1 gold_backpack
[24Dec2024 00:29:30.866] [Server thread/INFO] [com.lothrazar.simpletomb.ModTomb/]: 0 result 1 gold_backpack
[24Dec2024 00:29:30.866] [Server thread/INFO] [com.lothrazar.simpletomb.ModTomb/]: 0 result 1 backpack
